<?xml version="1.0" encoding="UTF-8" ?>
<testsuite errors="1" failures="0" hostname="180-042-137-086.jp.fiberbit.net" name="com.mame.flappy.test.ConversationActivityTest" skipped="0" tests="1" time="0.0" timestamp="2014-05-16T15:45:06">
  <properties>
    <property name="java.vendor" value="Oracle Corporation" />
    <property name="env.__CHECKFIX1436934" value="1" />
    <property name="sun.java.launcher" value="SUN_STANDARD" />
    <property name="sun.management.compiler" value="HotSpot 64-Bit Tiered Compilers" />
    <property name="ant.file.WelcomeActivity" value="/Users/kosukeEndo/Documents/workspace/client/ant/flappy-client/build.xml" />
    <property name="os.name" value="Mac OS X" />
    <property name="sun.boot.class.path" value="/Library/Java/JavaVirtualMachines/jdk1.7.0_51.jdk/Contents/Home/jre/lib/resources.jar:/Library/Java/JavaVirtualMachines/jdk1.7.0_51.jdk/Contents/Home/jre/lib/rt.jar:/Library/Java/JavaVirtualMachines/jdk1.7.0_51.jdk/Contents/Home/jre/lib/sunrsasign.jar:/Library/Java/JavaVirtualMachines/jdk1.7.0_51.jdk/Contents/Home/jre/lib/jsse.jar:/Library/Java/JavaVirtualMachines/jdk1.7.0_51.jdk/Contents/Home/jre/lib/jce.jar:/Library/Java/JavaVirtualMachines/jdk1.7.0_51.jdk/Contents/Home/jre/lib/charsets.jar:/Library/Java/JavaVirtualMachines/jdk1.7.0_51.jdk/Contents/Home/jre/lib/jfr.jar:/Library/Java/JavaVirtualMachines/jdk1.7.0_51.jdk/Contents/Home/jre/classes" />
    <property name="env.TMPDIR" value="/var/folders/2l/mhj05t_n3hx41gm2y4qz7jzw0000gn/T/" />
    <property name="env.PWD" value="/Users/kosukeEndo/Documents/workspace/client/ant/flappy-client" />
    <property name="env.JAVA_MAIN_CLASS_27145" value="org.apache.tools.ant.launch.Launcher" />
    <property name="env.LANG" value="ja_JP.UTF-8" />
    <property name="java.vm.specification.vendor" value="Oracle Corporation" />
    <property name="ant.home" value="/usr/bin/apache-ant-1.9.4" />
    <property name="java.runtime.version" value="1.7.0_51-b13" />
    <property name="env.Apple_PubSub_Socket_Render" value="/tmp/launch-kKfikt/Render" />
    <property name="user.name" value="kosukeEndo" />
    <property name="env.USER" value="kosukeEndo" />
    <property name="env.SHELL" value="/bin/bash" />
    <property name="env.__CF_USER_TEXT_ENCODING" value="0x1F5:1:14" />
    <property name="env.PATH" value="/usr/bin/apache-ant-1.9.4/bin:/usr/bin:/bin:/usr/sbin:/sbin:/usr/local/bin:/usr/local/git/bin:/Applications/adt-bundle-mac-x86_64-20131030/sdk/platform-tools:/Applications/adt-bundle-mac-x86_64-20131030/sdk/tools" />
    <property name="user.language" value="ja" />
    <property name="ant.file.type.WelcomeActivity" value="file" />
    <property name="sun.boot.library.path" value="/Library/Java/JavaVirtualMachines/jdk1.7.0_51.jdk/Contents/Home/jre/lib" />
    <property name="ant.project.default-target" value="help" />
    <property name="ant.project.name" value="WelcomeActivity" />
    <property name="java.version" value="1.7.0_51" />
    <property name="user.timezone" value="" />
    <property name="sun.arch.data.model" value="64" />
    <property name="http.nonProxyHosts" value="local|*.local|169.254/16|*.169.254/16" />
    <property name="java.endorsed.dirs" value="/Library/Java/JavaVirtualMachines/jdk1.7.0_51.jdk/Contents/Home/jre/lib/endorsed" />
    <property name="sun.cpu.isalist" value="" />
    <property name="sun.jnu.encoding" value="UTF-8" />
    <property name="file.encoding.pkg" value="sun.io" />
    <property name="env.SHLVL" value="1" />
    <property name="ECLIPSE_HOME" value="../../../eclipse" />
    <property name="file.separator" value="/" />
    <property name="java.specification.name" value="Java Platform API Specification" />
    <property name="java.class.version" value="51.0" />
    <property name="user.country" value="JP" />
    <property name="sdk.dir" value="/Applications/adt-bundle-mac-x86_64-20131030/sdk" />
    <property name="java.home" value="/Library/Java/JavaVirtualMachines/jdk1.7.0_51.jdk/Contents/Home/jre" />
    <property name="env.ANDROID_HOME" value="/Applications/adt-bundle-mac-x86_64-20131030" />
    <property name="java.vm.info" value="mixed mode" />
    <property name="env.LOGNAME" value="kosukeEndo" />
    <property name="ant.file" value="/Users/kosukeEndo/Documents/workspace/client/ant/flappy-client/build.xml" />
    <property name="os.version" value="10.9.2" />
    <property name="env.TERM_PROGRAM_VERSION" value="326" />
    <property name="path.separator" value=":" />
    <property name="java.vm.version" value="24.51-b03" />
    <property name="ant.library.dir" value="/usr/bin/apache-ant-1.9.4/lib" />
    <property name="junit.output.dir" value="junit" />
    <property name="java.awt.printerjob" value="sun.lwawt.macosx.CPrinterJob" />
    <property name="env.TERM" value="xterm-256color" />
    <property name="sun.io.unicode.encoding" value="UnicodeBig" />
    <property name="android.library.reference.1" value="../../../../../../../Applications/adt-bundle-mac-x86_64-20131030/sdk/extras/google/google_play_services/libproject/google-play-services_lib" />
    <property name="awt.toolkit" value="sun.lwawt.macosx.LWCToolkit" />
    <property name="socksNonProxyHosts" value="local|*.local|169.254/16|*.169.254/16" />
    <property name="ftp.nonProxyHosts" value="local|*.local|169.254/16|*.169.254/16" />
    <property name="user.home" value="/Users/kosukeEndo" />
    <property name="target" value="android-19" />
    <property name="java.specification.vendor" value="Oracle Corporation" />
    <property name="env.TERM_PROGRAM" value="Apple_Terminal" />
    <property name="java.library.path" value="/Users/kosukeEndo/Library/Java/Extensions:/Library/Java/Extensions:/Network/Library/Java/Extensions:/System/Library/Java/Extensions:/usr/lib/java:." />
    <property name="java.vendor.url" value="http://java.oracle.com/" />
    <property name="testdir" value="FlappyTestTest/" />
    <property name="java.vm.vendor" value="Oracle Corporation" />
    <property name="gopherProxySet" value="false" />
    <property name="java.runtime.name" value="Java(TM) SE Runtime Environment" />
    <property name="sun.java.command" value="org.apache.tools.ant.taskdefs.optional.junit.JUnitTestRunner com.mame.flappy.test.ConversationActivityTest skipNonTests=false filtertrace=true haltOnError=false haltOnFailure=false formatter=org.apache.tools.ant.taskdefs.optional.junit.OutErrSummaryJUnitResultFormatter showoutput=false outputtoformatters=true logfailedtests=true threadid=0 logtestlistenerevents=false formatter=org.apache.tools.ant.taskdefs.optional.junit.XMLJUnitResultFormatter,/Users/kosukeEndo/Documents/workspace/client/ant/flappy-client/junit/TEST-com.mame.flappy.test.ConversationActivityTest.xml crashfile=/Users/kosukeEndo/Documents/workspace/client/ant/flappy-client/junitvmwatcher54418738610475841.properties propsfile=/Users/kosukeEndo/Documents/workspace/client/ant/flappy-client/junit7282149558949337804.properties" />
    <property name="java.class.path" value="/Users/kosukeEndo/Documents/workspace/client/ant/flappy-client/FlappyTestTest:/Users/kosukeEndo/Documents/workspace/client/ant/flappy-client/libs/junit.jar:/usr/bin/apache-ant-1.9.4/lib/ant-launcher.jar:/usr/bin/apache-ant-1.9.4/lib/ant.jar:/usr/bin/apache-ant-1.9.4/lib/ant-junit.jar:/usr/bin/apache-ant-1.9.4/lib/ant-junit4.jar" />
    <property name="ant.version" value="Apache Ant(TM) version 1.9.4 compiled on April 29 2014" />
    <property name="env.TERM_SESSION_ID" value="7003F518-9498-4D11-B030-9DFF557B980E" />
    <property name="java.vm.specification.name" value="Java Virtual Machine Specification" />
    <property name="ant.file.type" value="file" />
    <property name="java.vm.specification.version" value="1.7" />
    <property name="sun.os.patch.level" value="unknown" />
    <property name="sun.cpu.endian" value="little" />
    <property name="env.HOME" value="/Users/kosukeEndo" />
    <property name="debuglevel" value="source,lines,vars" />
    <property name="java.io.tmpdir" value="/var/folders/2l/mhj05t_n3hx41gm2y4qz7jzw0000gn/T/" />
    <property name="java.vendor.url.bug" value="http://bugreport.sun.com/bugreport/" />
    <property name="env.SSH_AUTH_SOCK" value="/tmp/launch-dVvf01/Listeners" />
    <property name="java.awt.graphicsenv" value="sun.awt.CGraphicsEnvironment" />
    <property name="os.arch" value="x86_64" />
    <property name="java.ext.dirs" value="/Users/kosukeEndo/Library/Java/Extensions:/Library/Java/JavaVirtualMachines/jdk1.7.0_51.jdk/Contents/Home/jre/lib/ext:/Library/Java/Extensions:/Network/Library/Java/Extensions:/System/Library/Java/Extensions:/usr/lib/java" />
    <property name="user.dir" value="/Users/kosukeEndo/Documents/workspace/client/ant/flappy-client" />
    <property name="line.separator" value="&#xa;" />
    <property name="java.vm.name" value="Java HotSpot(TM) 64-Bit Server VM" />
    <property name="basedir" value="/Users/kosukeEndo/Documents/workspace/client/ant/flappy-client" />
    <property name="ant.java.version" value="1.7" />
    <property name="ant.core.lib" value="/usr/bin/apache-ant-1.9.4/lib/ant.jar" />
    <property name="source" value="1.5" />
    <property name="file.encoding" value="UTF-8" />
    <property name="java.specification.version" value="1.7" />
    <property name="ant.project.invoked-targets" value="test" />
  </properties>
  <error message="com.mame.flappy.test.ConversationActivityTest" type="java.lang.ClassNotFoundException">java.lang.ClassNotFoundException: com.mame.flappy.test.ConversationActivityTest
	at java.net.URLClassLoader$1.run(URLClassLoader.java:366)
	at java.net.URLClassLoader$1.run(URLClassLoader.java:355)
	at java.security.AccessController.doPrivileged(Native Method)
	at java.net.URLClassLoader.findClass(URLClassLoader.java:354)
	at java.lang.ClassLoader.loadClass(ClassLoader.java:425)
	at sun.misc.Launcher$AppClassLoader.loadClass(Launcher.java:308)
	at java.lang.ClassLoader.loadClass(ClassLoader.java:358)
	at java.lang.Class.forName0(Native Method)
	at java.lang.Class.forName(Class.java:190)
</error>
  <system-out><![CDATA[]]></system-out>
  <system-err><![CDATA[]]></system-err>
</testsuite>
